<?xml version="1.0" encoding="UTF-8"?>
<!-- Generated by org.testng.reporters.JUnitXMLReporter -->
<testsuite hostname="YH1002746DT" ignored="0" name="Default test" tests="3" failures="0" timestamp="23 Aug 2017 09:55:29 GMT" time="0.032" errors="0">
  <testcase name="Test1" time="0.009" classname="Test.BasicOfSelenium"/>
  <testcase name="Test3" time="0.002" classname="Test.BasicOfSelenium"/>
  <testcase name="TestSetup" time="0.001" classname="Test.BasicOfSelenium"/>
</testsuite> <!-- Default test -->
