<?xml version="1.0" encoding="UTF-8"?>
<testng-results skipped="0" failed="0" ignored="0" total="3" passed="3">
  <reporter-output>
  </reporter-output>
  <suite name="Default suite" duration-ms="32" started-at="2017-08-23T09:55:29Z" finished-at="2017-08-23T09:55:29Z">
    <groups>
    </groups>
    <test name="Default test" duration-ms="32" started-at="2017-08-23T09:55:29Z" finished-at="2017-08-23T09:55:29Z">
      <class name="Test.BasicOfSelenium">
        <test-method status="PASS" signature="Test1()[pri:0, instance:Test.BasicOfSelenium@4590c9c3]" name="Test1" duration-ms="9" started-at="2017-08-23T04:55:29Z" finished-at="2017-08-23T04:55:29Z">
          <reporter-output>
          </reporter-output>
        </test-method> <!-- Test1 -->
        <test-method status="PASS" signature="Test3()[pri:0, instance:Test.BasicOfSelenium@4590c9c3]" name="Test3" duration-ms="2" started-at="2017-08-23T04:55:29Z" finished-at="2017-08-23T04:55:29Z">
          <reporter-output>
          </reporter-output>
        </test-method> <!-- Test3 -->
        <test-method status="PASS" signature="TestSetup()[pri:0, instance:Test.BasicOfSelenium@4590c9c3]" name="TestSetup" duration-ms="1" started-at="2017-08-23T04:55:29Z" finished-at="2017-08-23T04:55:29Z">
          <reporter-output>
          </reporter-output>
        </test-method> <!-- TestSetup -->
      </class> <!-- Test.BasicOfSelenium -->
    </test> <!-- Default test -->
  </suite> <!-- Default suite -->
</testng-results>
