<?xml version="1.0" encoding="UTF-8"?>
<testng-results skipped="0" failed="0" ignored="0" total="2" passed="2">
  <reporter-output>
  </reporter-output>
  <suite name="Default suite" duration-ms="29" started-at="2017-08-23T09:43:26Z" finished-at="2017-08-23T09:43:26Z">
    <groups>
    </groups>
    <test name="Default test" duration-ms="29" started-at="2017-08-23T09:43:26Z" finished-at="2017-08-23T09:43:26Z">
      <class name="Test.BasicOfSelenium">
        <test-method status="PASS" signature="Test1()[pri:0, instance:Test.BasicOfSelenium@4590c9c3]" name="Test1" duration-ms="9" started-at="2017-08-23T04:43:26Z" finished-at="2017-08-23T04:43:26Z">
          <reporter-output>
          </reporter-output>
        </test-method> <!-- Test1 -->
        <test-method status="PASS" signature="TestSetup()[pri:0, instance:Test.BasicOfSelenium@4590c9c3]" name="TestSetup" duration-ms="1" started-at="2017-08-23T04:43:26Z" finished-at="2017-08-23T04:43:26Z">
          <reporter-output>
          </reporter-output>
        </test-method> <!-- TestSetup -->
      </class> <!-- Test.BasicOfSelenium -->
    </test> <!-- Default test -->
  </suite> <!-- Default suite -->
</testng-results>
